2021-03-23 17:06:38 INFO  EmployeeDaoImpl:42 - Hello this is an info message


2021-03-23 17:12:02 INFO  Version:46 - HHH000412: Hibernate Core {5.3.1.Final}
2021-03-23 17:12:02 INFO  Environment:213 - HHH000206: hibernate.properties not found
2021-03-23 17:12:04 INFO  SpatialService:42 - HHH80000001: hibernate-spatial integration enabled : true
2021-03-23 17:12:04 INFO  Version:49 - HCANN000001: Hibernate Commons Annotations {5.0.3.Final}
2021-03-23 17:12:04 WARN  deprecation:75 - HHH90000012: Recognized obsolete hibernate namespace http://hibernate.sourceforge.net/hibernate-mapping. Use namespace http://www.hibernate.org/dtd/hibernate-mapping instead.  Support for obsolete DTD/XSD namespaces may be removed at any time.
2021-03-23 17:12:05 WARN  deprecation:75 - HHH90000012: Recognized obsolete hibernate namespace http://hibernate.sourceforge.net/hibernate-mapping. Use namespace http://www.hibernate.org/dtd/hibernate-mapping instead.  Support for obsolete DTD/XSD namespaces may be removed at any time.
2021-03-23 17:12:05 WARN  deprecation:75 - HHH90000012: Recognized obsolete hibernate namespace http://hibernate.sourceforge.net/hibernate-mapping. Use namespace http://www.hibernate.org/dtd/hibernate-mapping instead.  Support for obsolete DTD/XSD namespaces may be removed at any time.
2021-03-23 17:12:05 WARN  pooling:73 - HHH10001002: Using Hibernate built-in connection pool (not for production use!)
2021-03-23 17:12:05 INFO  pooling:129 - HHH10001005: using driver [com.mysql.jdbc.Driver] at URL [jdbc:mysql://localhost:3306/EmployeeManagementSystem]
2021-03-23 17:12:05 INFO  pooling:138 - HHH10001001: Connection properties: {user=root, password=****}
2021-03-23 17:12:05 INFO  pooling:143 - HHH10001003: Autocommit mode: false
2021-03-23 17:12:05 INFO  DriverManagerConnectionProviderImpl:281 - HHH000115: Hibernate connection pool size: 20 (min=1)
2021-03-23 17:12:06 INFO  Dialect:157 - HHH000400: Using dialect: org.hibernate.dialect.MySQL8Dialect
2021-03-23 17:12:06 INFO  EnversServiceImpl:92 - Envers integration enabled? : true
2021-03-23 17:12:07 INFO  access:47 - HHH10001501: Connection obtained from JdbcConnectionAccess [org.hibernate.engine.jdbc.env.internal.JdbcEnvironmentInitiator$ConnectionProviderJdbcConnectionAccess@316a598d] for (non-JTA) DDL execution was not in auto-commit mode; the Connection 'local transaction' will be committed and the Connection will be set into auto-commit mode.
=====================================================
2021-03-23 17:12:07 INFO  ProjectDaoImpl:43 - java.lang.NullPointerException
2021-03-23 17:35:26 INFO  Version:46 - HHH000412: Hibernate Core {5.3.1.Final}
2021-03-23 17:35:26 INFO  Environment:213 - HHH000206: hibernate.properties not found
2021-03-23 17:35:29 INFO  SpatialService:42 - HHH80000001: hibernate-spatial integration enabled : true
2021-03-23 17:35:29 INFO  Version:49 - HCANN000001: Hibernate Commons Annotations {5.0.3.Final}
2021-03-23 17:35:29 WARN  deprecation:75 - HHH90000012: Recognized obsolete hibernate namespace http://hibernate.sourceforge.net/hibernate-mapping. Use namespace http://www.hibernate.org/dtd/hibernate-mapping instead.  Support for obsolete DTD/XSD namespaces may be removed at any time.
2021-03-23 17:35:30 WARN  deprecation:75 - HHH90000012: Recognized obsolete hibernate namespace http://hibernate.sourceforge.net/hibernate-mapping. Use namespace http://www.hibernate.org/dtd/hibernate-mapping instead.  Support for obsolete DTD/XSD namespaces may be removed at any time.
2021-03-23 17:35:30 WARN  deprecation:75 - HHH90000012: Recognized obsolete hibernate namespace http://hibernate.sourceforge.net/hibernate-mapping. Use namespace http://www.hibernate.org/dtd/hibernate-mapping instead.  Support for obsolete DTD/XSD namespaces may be removed at any time.
2021-03-23 17:35:30 WARN  pooling:73 - HHH10001002: Using Hibernate built-in connection pool (not for production use!)
2021-03-23 17:35:30 INFO  pooling:129 - HHH10001005: using driver [com.mysql.jdbc.Driver] at URL [jdbc:mysql://localhost:3306/EmployeeManagementSystem]
2021-03-23 17:35:30 INFO  pooling:138 - HHH10001001: Connection properties: {user=root, password=****}
2021-03-23 17:35:30 INFO  pooling:143 - HHH10001003: Autocommit mode: false
2021-03-23 17:35:30 INFO  DriverManagerConnectionProviderImpl:281 - HHH000115: Hibernate connection pool size: 20 (min=1)
2021-03-23 17:35:31 INFO  Dialect:157 - HHH000400: Using dialect: org.hibernate.dialect.MySQL8Dialect
2021-03-23 17:35:31 INFO  EnversServiceImpl:92 - Envers integration enabled? : true
2021-03-23 17:35:32 INFO  access:47 - HHH10001501: Connection obtained from JdbcConnectionAccess [org.hibernate.engine.jdbc.env.internal.JdbcEnvironmentInitiator$ConnectionProviderJdbcConnectionAccess@316a598d] for (non-JTA) DDL execution was not in auto-commit mode; the Connection 'local transaction' will be committed and the Connection will be set into auto-commit mode.
2021-03-23 17:35:33 INFO  ProjectDaoImpl:43 - java.lang.NullPointerException
==================================================================
2021-03-23 18:25:49 INFO  ProjectDaoImpl:34 - hi tamilarasi
2021-03-23 18:25:50 INFO  Version:46 - HHH000412: Hibernate Core {5.3.1.Final}
2021-03-23 18:25:50 INFO  Environment:213 - HHH000206: hibernate.properties not found
2021-03-23 18:25:51 INFO  SpatialService:42 - HHH80000001: hibernate-spatial integration enabled : true
2021-03-23 18:25:52 INFO  Version:49 - HCANN000001: Hibernate Commons Annotations {5.0.3.Final}
2021-03-23 18:25:52 WARN  deprecation:75 - HHH90000012: Recognized obsolete hibernate namespace http://hibernate.sourceforge.net/hibernate-mapping. Use namespace http://www.hibernate.org/dtd/hibernate-mapping instead.  Support for obsolete DTD/XSD namespaces may be removed at any time.
2021-03-23 18:25:52 WARN  deprecation:75 - HHH90000012: Recognized obsolete hibernate namespace http://hibernate.sourceforge.net/hibernate-mapping. Use namespace http://www.hibernate.org/dtd/hibernate-mapping instead.  Support for obsolete DTD/XSD namespaces may be removed at any time.
2021-03-23 18:25:52 WARN  deprecation:75 - HHH90000012: Recognized obsolete hibernate namespace http://hibernate.sourceforge.net/hibernate-mapping. Use namespace http://www.hibernate.org/dtd/hibernate-mapping instead.  Support for obsolete DTD/XSD namespaces may be removed at any time.
2021-03-23 18:25:52 WARN  pooling:73 - HHH10001002: Using Hibernate built-in connection pool (not for production use!)
2021-03-23 18:25:52 INFO  pooling:129 - HHH10001005: using driver [com.mysql.jdbc.Driver] at URL [jdbc:mysql://localhost:3306/EmployeeManagementSystem]
2021-03-23 18:25:52 INFO  pooling:138 - HHH10001001: Connection properties: {user=root, password=****}
2021-03-23 18:25:52 INFO  pooling:143 - HHH10001003: Autocommit mode: false
2021-03-23 18:25:52 INFO  DriverManagerConnectionProviderImpl:281 - HHH000115: Hibernate connection pool size: 20 (min=1)
2021-03-23 18:25:53 INFO  Dialect:157 - HHH000400: Using dialect: org.hibernate.dialect.MySQL8Dialect
2021-03-23 18:25:53 INFO  EnversServiceImpl:92 - Envers integration enabled? : true
2021-03-23 18:25:54 INFO  access:47 - HHH10001501: Connection obtained from JdbcConnectionAccess [org.hibernate.engine.jdbc.env.internal.JdbcEnvironmentInitiator$ConnectionProviderJdbcConnectionAccess@316a598d] for (non-JTA) DDL execution was not in auto-commit mode; the Connection 'local transaction' will be committed and the Connection will be set into auto-commit mode.
===========================================
2021-03-23 18:47:34 INFO  EmployeeManagementLogger:19 - Hi tamilarasi welcome to employee management
2021-03-23 18:47:34 INFO  Version:46 - HHH000412: Hibernate Core {5.3.1.Final}
2021-03-23 18:47:34 INFO  Environment:213 - HHH000206: hibernate.properties not found
2021-03-23 18:47:36 INFO  SpatialService:42 - HHH80000001: hibernate-spatial integration enabled : true
2021-03-23 18:47:36 INFO  Version:49 - HCANN000001: Hibernate Commons Annotations {5.0.3.Final}
2021-03-23 18:47:36 WARN  deprecation:75 - HHH90000012: Recognized obsolete hibernate namespace http://hibernate.sourceforge.net/hibernate-mapping. Use namespace http://www.hibernate.org/dtd/hibernate-mapping instead.  Support for obsolete DTD/XSD namespaces may be removed at any time.
2021-03-23 18:47:37 WARN  deprecation:75 - HHH90000012: Recognized obsolete hibernate namespace http://hibernate.sourceforge.net/hibernate-mapping. Use namespace http://www.hibernate.org/dtd/hibernate-mapping instead.  Support for obsolete DTD/XSD namespaces may be removed at any time.
2021-03-23 18:47:37 WARN  deprecation:75 - HHH90000012: Recognized obsolete hibernate namespace http://hibernate.sourceforge.net/hibernate-mapping. Use namespace http://www.hibernate.org/dtd/hibernate-mapping instead.  Support for obsolete DTD/XSD namespaces may be removed at any time.
2021-03-23 18:47:37 WARN  pooling:73 - HHH10001002: Using Hibernate built-in connection pool (not for production use!)
2021-03-23 18:47:37 INFO  pooling:129 - HHH10001005: using driver [com.mysql.jdbc.Driver] at URL [jdbc:mysql://localhost:3306/EmployeeManagementSystem]
2021-03-23 18:47:37 INFO  pooling:138 - HHH10001001: Connection properties: {user=root, password=****}
2021-03-23 18:47:37 INFO  pooling:143 - HHH10001003: Autocommit mode: false
2021-03-23 18:47:37 INFO  DriverManagerConnectionProviderImpl:281 - HHH000115: Hibernate connection pool size: 20 (min=1)
2021-03-23 18:47:38 INFO  Dialect:157 - HHH000400: Using dialect: org.hibernate.dialect.MySQL8Dialect
2021-03-23 18:47:38 INFO  EnversServiceImpl:92 - Envers integration enabled? : true
2021-03-23 18:47:39 INFO  access:47 - HHH10001501: Connection obtained from JdbcConnectionAccess [org.hibernate.engine.jdbc.env.internal.JdbcEnvironmentInitiator$ConnectionProviderJdbcConnectionAccess@316a598d] for (non-JTA) DDL execution was not in auto-commit mode; the Connection 'local transaction' will be committed and the Connection will be set into auto-commit mode.
==========================================

2021-03-24 12:47:13 INFO  Version:46 - HHH000412: Hibernate Core {5.3.1.Final}
2021-03-24 12:47:13 INFO  Environment:213 - HHH000206: hibernate.properties not found
2021-03-24 12:47:17 INFO  SpatialService:42 - HHH80000001: hibernate-spatial integration enabled : true
2021-03-24 12:47:17 INFO  Version:49 - HCANN000001: Hibernate Commons Annotations {5.0.3.Final}
2021-03-24 12:47:18 WARN  deprecation:75 - HHH90000012: Recognized obsolete hibernate namespace http://hibernate.sourceforge.net/hibernate-mapping. Use namespace http://www.hibernate.org/dtd/hibernate-mapping instead.  Support for obsolete DTD/XSD namespaces may be removed at any time.
2021-03-24 12:47:18 WARN  deprecation:75 - HHH90000012: Recognized obsolete hibernate namespace http://hibernate.sourceforge.net/hibernate-mapping. Use namespace http://www.hibernate.org/dtd/hibernate-mapping instead.  Support for obsolete DTD/XSD namespaces may be removed at any time.
2021-03-24 12:47:18 WARN  deprecation:75 - HHH90000012: Recognized obsolete hibernate namespace http://hibernate.sourceforge.net/hibernate-mapping. Use namespace http://www.hibernate.org/dtd/hibernate-mapping instead.  Support for obsolete DTD/XSD namespaces may be removed at any time.
2021-03-24 12:47:18 WARN  pooling:73 - HHH10001002: Using Hibernate built-in connection pool (not for production use!)
2021-03-24 12:47:18 INFO  pooling:129 - HHH10001005: using driver [com.mysql.jdbc.Driver] at URL [jdbc:mysql://localhost:3306/EmployeeManagementSystem]
2021-03-24 12:47:18 INFO  pooling:138 - HHH10001001: Connection properties: {password=****, user=root}
2021-03-24 12:47:18 INFO  pooling:143 - HHH10001003: Autocommit mode: false
2021-03-24 12:47:18 INFO  DriverManagerConnectionProviderImpl:281 - HHH000115: Hibernate connection pool size: 20 (min=1)
2021-03-24 12:47:19 INFO  Dialect:157 - HHH000400: Using dialect: org.hibernate.dialect.MySQL8Dialect
2021-03-24 12:47:19 INFO  EnversServiceImpl:92 - Envers integration enabled? : true
2021-03-24 12:47:20 INFO  access:47 - HHH10001501: Connection obtained from JdbcConnectionAccess [org.hibernate.engine.jdbc.env.internal.JdbcEnvironmentInitiator$ConnectionProviderJdbcConnectionAccess@4dad8ec0] for (non-JTA) DDL execution was not in auto-commit mode; the Connection 'local transaction' will be committed and the Connection will be set into auto-commit mode.
2021-03-24 12:47:20 INFO  QueryTranslatorFactoryInitiator:47 - HHH000397: Using ASTQueryTranslatorFactory
2021-03-24 12:47:21 INFO  EmployeeManagementLogger:46 - Operation completed successfully
2021-03-24 12:47:21 INFO  EmployeeManagementLogger:46 - Operation completed successfully
2021-03-24 15:00:41 INFO  Version:46 - HHH000412: Hibernate Core {5.3.1.Final}
2021-03-24 15:00:41 INFO  Environment:213 - HHH000206: hibernate.properties not found
2021-03-24 15:00:44 INFO  SpatialService:42 - HHH80000001: hibernate-spatial integration enabled : true
2021-03-24 15:00:44 INFO  Version:49 - HCANN000001: Hibernate Commons Annotations {5.0.3.Final}
2021-03-24 15:00:44 WARN  deprecation:75 - HHH90000012: Recognized obsolete hibernate namespace http://hibernate.sourceforge.net/hibernate-mapping. Use namespace http://www.hibernate.org/dtd/hibernate-mapping instead.  Support for obsolete DTD/XSD namespaces may be removed at any time.
2021-03-24 15:00:45 WARN  deprecation:75 - HHH90000012: Recognized obsolete hibernate namespace http://hibernate.sourceforge.net/hibernate-mapping. Use namespace http://www.hibernate.org/dtd/hibernate-mapping instead.  Support for obsolete DTD/XSD namespaces may be removed at any time.
2021-03-24 15:00:45 WARN  deprecation:75 - HHH90000012: Recognized obsolete hibernate namespace http://hibernate.sourceforge.net/hibernate-mapping. Use namespace http://www.hibernate.org/dtd/hibernate-mapping instead.  Support for obsolete DTD/XSD namespaces may be removed at any time.
2021-03-24 15:00:45 WARN  pooling:73 - HHH10001002: Using Hibernate built-in connection pool (not for production use!)
2021-03-24 15:00:45 INFO  pooling:129 - HHH10001005: using driver [com.mysql.jdbc.Driver] at URL [jdbc:mysql://localhost:3306/EmployeeManagementSystem]
2021-03-24 15:00:45 INFO  pooling:138 - HHH10001001: Connection properties: {user=root, password=****}
2021-03-24 15:00:45 INFO  pooling:143 - HHH10001003: Autocommit mode: false
2021-03-24 15:00:45 INFO  DriverManagerConnectionProviderImpl:281 - HHH000115: Hibernate connection pool size: 20 (min=1)
2021-03-24 15:00:46 INFO  Dialect:157 - HHH000400: Using dialect: org.hibernate.dialect.MySQL8Dialect
2021-03-24 15:00:46 INFO  EnversServiceImpl:92 - Envers integration enabled? : true
2021-03-24 15:00:47 INFO  access:47 - HHH10001501: Connection obtained from JdbcConnectionAccess [org.hibernate.engine.jdbc.env.internal.JdbcEnvironmentInitiator$ConnectionProviderJdbcConnectionAccess@6ba30587] for (non-JTA) DDL execution was not in auto-commit mode; the Connection 'local transaction' will be committed and the Connection will be set into auto-commit mode.
2021-03-24 15:00:48 INFO  QueryTranslatorFactoryInitiator:47 - HHH000397: Using ASTQueryTranslatorFactory
2021-03-24 15:00:48 INFO  EmployeeManagementLogger:46 - Operation completed successfully
2021-03-24 15:00:54 INFO  EmployeeManagementLogger:46 - Operation completed successfully
2021-03-24 15:59:52 INFO  Version:46 - HHH000412: Hibernate Core {5.3.1.Final}
2021-03-24 15:59:52 INFO  Environment:213 - HHH000206: hibernate.properties not found
2021-03-24 15:59:53 INFO  SpatialService:42 - HHH80000001: hibernate-spatial integration enabled : true
2021-03-24 15:59:53 INFO  Version:49 - HCANN000001: Hibernate Commons Annotations {5.0.3.Final}
2021-03-24 15:59:53 WARN  deprecation:75 - HHH90000012: Recognized obsolete hibernate namespace http://hibernate.sourceforge.net/hibernate-mapping. Use namespace http://www.hibernate.org/dtd/hibernate-mapping instead.  Support for obsolete DTD/XSD namespaces may be removed at any time.
2021-03-24 15:59:54 WARN  deprecation:75 - HHH90000012: Recognized obsolete hibernate namespace http://hibernate.sourceforge.net/hibernate-mapping. Use namespace http://www.hibernate.org/dtd/hibernate-mapping instead.  Support for obsolete DTD/XSD namespaces may be removed at any time.
2021-03-24 15:59:54 WARN  deprecation:75 - HHH90000012: Recognized obsolete hibernate namespace http://hibernate.sourceforge.net/hibernate-mapping. Use namespace http://www.hibernate.org/dtd/hibernate-mapping instead.  Support for obsolete DTD/XSD namespaces may be removed at any time.
2021-03-24 15:59:54 WARN  pooling:73 - HHH10001002: Using Hibernate built-in connection pool (not for production use!)
2021-03-24 15:59:54 INFO  pooling:129 - HHH10001005: using driver [com.mysql.jdbc.Driver] at URL [jdbc:mysql://localhost:3306/EmployeeManagementSystem]
2021-03-24 15:59:54 INFO  pooling:138 - HHH10001001: Connection properties: {user=root, password=****}
2021-03-24 15:59:54 INFO  pooling:143 - HHH10001003: Autocommit mode: false
2021-03-24 15:59:54 INFO  DriverManagerConnectionProviderImpl:281 - HHH000115: Hibernate connection pool size: 20 (min=1)
2021-03-24 15:59:54 INFO  Dialect:157 - HHH000400: Using dialect: org.hibernate.dialect.MySQL8Dialect
2021-03-24 15:59:54 INFO  EnversServiceImpl:92 - Envers integration enabled? : true
2021-03-24 15:59:55 INFO  access:47 - HHH10001501: Connection obtained from JdbcConnectionAccess [org.hibernate.engine.jdbc.env.internal.JdbcEnvironmentInitiator$ConnectionProviderJdbcConnectionAccess@6ba30587] for (non-JTA) DDL execution was not in auto-commit mode; the Connection 'local transaction' will be committed and the Connection will be set into auto-commit mode.
2021-03-24 15:59:56 INFO  QueryTranslatorFactoryInitiator:47 - HHH000397: Using ASTQueryTranslatorFactory
2021-03-24 15:59:56 INFO  EmployeeManagementLogger:46 - Operation completed successfully
2021-03-24 16:00:13 INFO  EmployeeManagementLogger:46 - Operation completed successfully
2021-03-24 16:26:13 INFO  Version:46 - HHH000412: Hibernate Core {5.3.1.Final}
2021-03-24 16:26:13 INFO  Environment:213 - HHH000206: hibernate.properties not found
2021-03-24 16:26:15 INFO  SpatialService:42 - HHH80000001: hibernate-spatial integration enabled : true
2021-03-24 16:26:15 INFO  Version:49 - HCANN000001: Hibernate Commons Annotations {5.0.3.Final}
2021-03-24 16:26:16 WARN  deprecation:75 - HHH90000012: Recognized obsolete hibernate namespace http://hibernate.sourceforge.net/hibernate-mapping. Use namespace http://www.hibernate.org/dtd/hibernate-mapping instead.  Support for obsolete DTD/XSD namespaces may be removed at any time.
2021-03-24 16:26:16 WARN  deprecation:75 - HHH90000012: Recognized obsolete hibernate namespace http://hibernate.sourceforge.net/hibernate-mapping. Use namespace http://www.hibernate.org/dtd/hibernate-mapping instead.  Support for obsolete DTD/XSD namespaces may be removed at any time.
2021-03-24 16:26:16 WARN  deprecation:75 - HHH90000012: Recognized obsolete hibernate namespace http://hibernate.sourceforge.net/hibernate-mapping. Use namespace http://www.hibernate.org/dtd/hibernate-mapping instead.  Support for obsolete DTD/XSD namespaces may be removed at any time.
2021-03-24 16:26:16 WARN  pooling:73 - HHH10001002: Using Hibernate built-in connection pool (not for production use!)
2021-03-24 16:26:16 INFO  pooling:129 - HHH10001005: using driver [com.mysql.jdbc.Driver] at URL [jdbc:mysql://localhost:3306/EmployeeManagementSystem]
2021-03-24 16:26:16 INFO  pooling:138 - HHH10001001: Connection properties: {user=root, password=****}
2021-03-24 16:26:16 INFO  pooling:143 - HHH10001003: Autocommit mode: false
2021-03-24 16:26:16 INFO  DriverManagerConnectionProviderImpl:281 - HHH000115: Hibernate connection pool size: 20 (min=1)
2021-03-24 16:26:17 INFO  Dialect:157 - HHH000400: Using dialect: org.hibernate.dialect.MySQL8Dialect
2021-03-24 16:26:17 INFO  EnversServiceImpl:92 - Envers integration enabled? : true
2021-03-24 16:26:19 INFO  access:47 - HHH10001501: Connection obtained from JdbcConnectionAccess [org.hibernate.engine.jdbc.env.internal.JdbcEnvironmentInitiator$ConnectionProviderJdbcConnectionAccess@6ba30587] for (non-JTA) DDL execution was not in auto-commit mode; the Connection 'local transaction' will be committed and the Connection will be set into auto-commit mode.
2021-03-24 16:26:19 INFO  QueryTranslatorFactoryInitiator:47 - HHH000397: Using ASTQueryTranslatorFactory
2021-03-24 16:27:14 INFO  EmployeeManagementLogger:46 - Added successfully
2021-03-24 16:41:35 INFO  Version:46 - HHH000412: Hibernate Core {5.3.1.Final}
2021-03-24 16:41:35 INFO  Environment:213 - HHH000206: hibernate.properties not found
2021-03-24 16:41:37 INFO  SpatialService:42 - HHH80000001: hibernate-spatial integration enabled : true
2021-03-24 16:41:37 INFO  Version:49 - HCANN000001: Hibernate Commons Annotations {5.0.3.Final}
2021-03-24 16:41:37 WARN  deprecation:75 - HHH90000012: Recognized obsolete hibernate namespace http://hibernate.sourceforge.net/hibernate-mapping. Use namespace http://www.hibernate.org/dtd/hibernate-mapping instead.  Support for obsolete DTD/XSD namespaces may be removed at any time.
2021-03-24 16:41:38 WARN  deprecation:75 - HHH90000012: Recognized obsolete hibernate namespace http://hibernate.sourceforge.net/hibernate-mapping. Use namespace http://www.hibernate.org/dtd/hibernate-mapping instead.  Support for obsolete DTD/XSD namespaces may be removed at any time.
2021-03-24 16:41:38 WARN  deprecation:75 - HHH90000012: Recognized obsolete hibernate namespace http://hibernate.sourceforge.net/hibernate-mapping. Use namespace http://www.hibernate.org/dtd/hibernate-mapping instead.  Support for obsolete DTD/XSD namespaces may be removed at any time.
2021-03-24 16:41:38 WARN  pooling:73 - HHH10001002: Using Hibernate built-in connection pool (not for production use!)
2021-03-24 16:41:38 INFO  pooling:129 - HHH10001005: using driver [com.mysql.jdbc.Driver] at URL [jdbc:mysql://localhost:3306/EmployeeManagementSystem]
2021-03-24 16:41:38 INFO  pooling:138 - HHH10001001: Connection properties: {user=root, password=****}
2021-03-24 16:41:38 INFO  pooling:143 - HHH10001003: Autocommit mode: false
2021-03-24 16:41:38 INFO  DriverManagerConnectionProviderImpl:281 - HHH000115: Hibernate connection pool size: 20 (min=1)
2021-03-24 16:41:39 INFO  Dialect:157 - HHH000400: Using dialect: org.hibernate.dialect.MySQL8Dialect
2021-03-24 16:41:39 INFO  EnversServiceImpl:92 - Envers integration enabled? : true
2021-03-24 16:41:40 INFO  access:47 - HHH10001501: Connection obtained from JdbcConnectionAccess [org.hibernate.engine.jdbc.env.internal.JdbcEnvironmentInitiator$ConnectionProviderJdbcConnectionAccess@6ba30587] for (non-JTA) DDL execution was not in auto-commit mode; the Connection 'local transaction' will be committed and the Connection will be set into auto-commit mode.
2021-03-24 16:41:41 INFO  QueryTranslatorFactoryInitiator:47 - HHH000397: Using ASTQueryTranslatorFactory
2021-03-24 18:42:10 INFO  Version:46 - HHH000412: Hibernate Core {5.3.1.Final}
2021-03-24 18:42:10 INFO  Environment:213 - HHH000206: hibernate.properties not found
2021-03-24 18:42:13 INFO  SpatialService:42 - HHH80000001: hibernate-spatial integration enabled : true
2021-03-24 18:42:13 INFO  Version:49 - HCANN000001: Hibernate Commons Annotations {5.0.3.Final}
2021-03-24 18:42:13 WARN  deprecation:75 - HHH90000012: Recognized obsolete hibernate namespace http://hibernate.sourceforge.net/hibernate-mapping. Use namespace http://www.hibernate.org/dtd/hibernate-mapping instead.  Support for obsolete DTD/XSD namespaces may be removed at any time.
2021-03-24 18:42:14 WARN  deprecation:75 - HHH90000012: Recognized obsolete hibernate namespace http://hibernate.sourceforge.net/hibernate-mapping. Use namespace http://www.hibernate.org/dtd/hibernate-mapping instead.  Support for obsolete DTD/XSD namespaces may be removed at any time.
2021-03-24 18:42:14 WARN  deprecation:75 - HHH90000012: Recognized obsolete hibernate namespace http://hibernate.sourceforge.net/hibernate-mapping. Use namespace http://www.hibernate.org/dtd/hibernate-mapping instead.  Support for obsolete DTD/XSD namespaces may be removed at any time.
2021-03-24 18:42:14 WARN  pooling:73 - HHH10001002: Using Hibernate built-in connection pool (not for production use!)
2021-03-24 18:42:14 INFO  pooling:129 - HHH10001005: using driver [com.mysql.jdbc.Driver] at URL [jdbc:mysql://localhost:3306/EmployeeManagementSystem]
2021-03-24 18:42:14 INFO  pooling:138 - HHH10001001: Connection properties: {user=root, password=****}
2021-03-24 18:42:14 INFO  pooling:143 - HHH10001003: Autocommit mode: false
2021-03-24 18:42:14 INFO  DriverManagerConnectionProviderImpl:281 - HHH000115: Hibernate connection pool size: 20 (min=1)
2021-03-24 18:42:15 INFO  Dialect:157 - HHH000400: Using dialect: org.hibernate.dialect.MySQL8Dialect
2021-03-24 18:42:15 INFO  EnversServiceImpl:92 - Envers integration enabled? : true
2021-03-24 18:42:16 INFO  access:47 - HHH10001501: Connection obtained from JdbcConnectionAccess [org.hibernate.engine.jdbc.env.internal.JdbcEnvironmentInitiator$ConnectionProviderJdbcConnectionAccess@6ba30587] for (non-JTA) DDL execution was not in auto-commit mode; the Connection 'local transaction' will be committed and the Connection will be set into auto-commit mode.
2021-03-24 18:42:16 INFO  QueryTranslatorFactoryInitiator:47 - HHH000397: Using ASTQueryTranslatorFactory
2021-03-24 18:42:30 INFO  EmployeeManagementLogger:46 - Added successfully
2021-03-24 21:04:02 INFO  Version:46 - HHH000412: Hibernate Core {5.3.1.Final}
2021-03-24 21:04:02 INFO  Environment:213 - HHH000206: hibernate.properties not found
2021-03-24 21:04:05 INFO  SpatialService:42 - HHH80000001: hibernate-spatial integration enabled : true
2021-03-24 21:04:05 INFO  Version:49 - HCANN000001: Hibernate Commons Annotations {5.0.3.Final}
2021-03-24 21:04:05 WARN  deprecation:75 - HHH90000012: Recognized obsolete hibernate namespace http://hibernate.sourceforge.net/hibernate-mapping. Use namespace http://www.hibernate.org/dtd/hibernate-mapping instead.  Support for obsolete DTD/XSD namespaces may be removed at any time.
2021-03-24 21:04:06 WARN  deprecation:75 - HHH90000012: Recognized obsolete hibernate namespace http://hibernate.sourceforge.net/hibernate-mapping. Use namespace http://www.hibernate.org/dtd/hibernate-mapping instead.  Support for obsolete DTD/XSD namespaces may be removed at any time.
2021-03-24 21:04:06 WARN  deprecation:75 - HHH90000012: Recognized obsolete hibernate namespace http://hibernate.sourceforge.net/hibernate-mapping. Use namespace http://www.hibernate.org/dtd/hibernate-mapping instead.  Support for obsolete DTD/XSD namespaces may be removed at any time.
2021-03-24 21:04:06 WARN  pooling:73 - HHH10001002: Using Hibernate built-in connection pool (not for production use!)
2021-03-24 21:04:06 INFO  pooling:129 - HHH10001005: using driver [com.mysql.jdbc.Driver] at URL [jdbc:mysql://localhost:3306/EmployeeManagementSystem]
2021-03-24 21:04:06 INFO  pooling:138 - HHH10001001: Connection properties: {user=root, password=****}
2021-03-24 21:04:06 INFO  pooling:143 - HHH10001003: Autocommit mode: false
2021-03-24 21:04:06 INFO  DriverManagerConnectionProviderImpl:281 - HHH000115: Hibernate connection pool size: 20 (min=1)
2021-03-24 21:04:07 INFO  Dialect:157 - HHH000400: Using dialect: org.hibernate.dialect.MySQL8Dialect
2021-03-24 21:04:07 INFO  EnversServiceImpl:92 - Envers integration enabled? : true
2021-03-24 21:04:08 INFO  access:47 - HHH10001501: Connection obtained from JdbcConnectionAccess [org.hibernate.engine.jdbc.env.internal.JdbcEnvironmentInitiator$ConnectionProviderJdbcConnectionAccess@2903c6ff] for (non-JTA) DDL execution was not in auto-commit mode; the Connection 'local transaction' will be committed and the Connection will be set into auto-commit mode.
2021-03-24 21:04:08 INFO  QueryTranslatorFactoryInitiator:47 - HHH000397: Using ASTQueryTranslatorFactory
2021-03-24 21:04:08 INFO  EmployeeManagementLogger:46 - Get employee details by id successfully 
2021-03-24 21:27:05 INFO  Version:46 - HHH000412: Hibernate Core {5.3.1.Final}
2021-03-24 21:27:05 INFO  Environment:213 - HHH000206: hibernate.properties not found
2021-03-24 21:27:07 INFO  SpatialService:42 - HHH80000001: hibernate-spatial integration enabled : true
2021-03-24 21:27:07 INFO  Version:49 - HCANN000001: Hibernate Commons Annotations {5.0.3.Final}
2021-03-24 21:27:07 WARN  deprecation:75 - HHH90000012: Recognized obsolete hibernate namespace http://hibernate.sourceforge.net/hibernate-mapping. Use namespace http://www.hibernate.org/dtd/hibernate-mapping instead.  Support for obsolete DTD/XSD namespaces may be removed at any time.
2021-03-24 21:27:08 WARN  deprecation:75 - HHH90000012: Recognized obsolete hibernate namespace http://hibernate.sourceforge.net/hibernate-mapping. Use namespace http://www.hibernate.org/dtd/hibernate-mapping instead.  Support for obsolete DTD/XSD namespaces may be removed at any time.
2021-03-24 21:27:08 WARN  deprecation:75 - HHH90000012: Recognized obsolete hibernate namespace http://hibernate.sourceforge.net/hibernate-mapping. Use namespace http://www.hibernate.org/dtd/hibernate-mapping instead.  Support for obsolete DTD/XSD namespaces may be removed at any time.
2021-03-24 21:27:08 WARN  pooling:73 - HHH10001002: Using Hibernate built-in connection pool (not for production use!)
2021-03-24 21:27:08 INFO  pooling:129 - HHH10001005: using driver [com.mysql.jdbc.Driver] at URL [jdbc:mysql://localhost:3306/EmployeeManagementSystem]
2021-03-24 21:27:08 INFO  pooling:138 - HHH10001001: Connection properties: {user=root, password=****}
2021-03-24 21:27:08 INFO  pooling:143 - HHH10001003: Autocommit mode: false
2021-03-24 21:27:08 INFO  DriverManagerConnectionProviderImpl:281 - HHH000115: Hibernate connection pool size: 20 (min=1)
2021-03-24 21:27:09 INFO  Dialect:157 - HHH000400: Using dialect: org.hibernate.dialect.MySQL8Dialect
2021-03-24 21:27:09 INFO  EnversServiceImpl:92 - Envers integration enabled? : true
2021-03-24 21:27:10 INFO  access:47 - HHH10001501: Connection obtained from JdbcConnectionAccess [org.hibernate.engine.jdbc.env.internal.JdbcEnvironmentInitiator$ConnectionProviderJdbcConnectionAccess@2903c6ff] for (non-JTA) DDL execution was not in auto-commit mode; the Connection 'local transaction' will be committed and the Connection will be set into auto-commit mode.
2021-03-24 21:27:10 INFO  QueryTranslatorFactoryInitiator:47 - HHH000397: Using ASTQueryTranslatorFactory
2021-03-24 21:27:10 INFO  EmployeeManagementLogger:46 - Get employee details by id successfully 
2021-03-24 21:27:14 INFO  EmployeeManagementLogger:46 - Operation completed successfully
2021-03-24 21:27:14 INFO  EmployeeManagementLogger:46 - Get all project successfully 



TGDPBS9159360999

91593609992021-03-26 09:50:26 INFO  Version:46 - HHH000412: Hibernate Core {5.3.1.Final}
2021-03-26 09:50:26 INFO  Environment:213 - HHH000206: hibernate.properties not found
2021-03-26 09:50:38 INFO  SpatialService:42 - HHH80000001: hibernate-spatial integration enabled : true
2021-03-26 09:50:38 INFO  Version:49 - HCANN000001: Hibernate Commons Annotations {5.0.3.Final}
2021-03-26 09:50:39 WARN  deprecation:75 - HHH90000012: Recognized obsolete hibernate namespace http://hibernate.sourceforge.net/hibernate-mapping. Use namespace http://www.hibernate.org/dtd/hibernate-mapping instead.  Support for obsolete DTD/XSD namespaces may be removed at any time.
2021-03-26 09:50:39 WARN  deprecation:75 - HHH90000012: Recognized obsolete hibernate namespace http://hibernate.sourceforge.net/hibernate-mapping. Use namespace http://www.hibernate.org/dtd/hibernate-mapping instead.  Support for obsolete DTD/XSD namespaces may be removed at any time.
2021-03-26 09:50:39 WARN  deprecation:75 - HHH90000012: Recognized obsolete hibernate namespace http://hibernate.sourceforge.net/hibernate-mapping. Use namespace http://www.hibernate.org/dtd/hibernate-mapping instead.  Support for obsolete DTD/XSD namespaces may be removed at any time.
2021-03-26 09:50:39 WARN  pooling:73 - HHH10001002: Using Hibernate built-in connection pool (not for production use!)
2021-03-26 09:50:39 INFO  pooling:129 - HHH10001005: using driver [com.mysql.jdbc.Driver] at URL [jdbc:mysql://localhost:3306/EmployeeManagementSystem]
2021-03-26 09:50:39 INFO  pooling:138 - HHH10001001: Connection properties: {user=root, password=****}
2021-03-26 09:50:39 INFO  pooling:143 - HHH10001003: Autocommit mode: false
2021-03-26 09:50:39 INFO  DriverManagerConnectionProviderImpl:281 - HHH000115: Hibernate connection pool size: 20 (min=1)
2021-03-26 09:50:41 INFO  Dialect:157 - HHH000400: Using dialect: org.hibernate.dialect.MySQL8Dialect
2021-03-26 09:50:41 INFO  EnversServiceImpl:92 - Envers integration enabled? : true
2021-03-26 09:50:43 INFO  access:47 - HHH10001501: Connection obtained from JdbcConnectionAccess [org.hibernate.engine.jdbc.env.internal.JdbcEnvironmentInitiator$ConnectionProviderJdbcConnectionAccess@2903c6ff] for (non-JTA) DDL execution was not in auto-commit mode; the Connection 'local transaction' will be committed and the Connection will be set into auto-commit mode.
2021-03-26 09:50:43 INFO  QueryTranslatorFactoryInitiator:47 - HHH000397: Using ASTQueryTranslatorFactory
2021-03-26 09:51:18 INFO  Version:46 - HHH000412: Hibernate Core {5.3.1.Final}
2021-03-26 09:51:18 INFO  Environment:213 - HHH000206: hibernate.properties not found
2021-03-26 09:51:20 INFO  SpatialService:42 - HHH80000001: hibernate-spatial integration enabled : true
2021-03-26 09:51:20 INFO  Version:49 - HCANN000001: Hibernate Commons Annotations {5.0.3.Final}
2021-03-26 09:51:21 WARN  deprecation:75 - HHH90000012: Recognized obsolete hibernate namespace http://hibernate.sourceforge.net/hibernate-mapping. Use namespace http://www.hibernate.org/dtd/hibernate-mapping instead.  Support for obsolete DTD/XSD namespaces may be removed at any time.
2021-03-26 09:51:21 WARN  deprecation:75 - HHH90000012: Recognized obsolete hibernate namespace http://hibernate.sourceforge.net/hibernate-mapping. Use namespace http://www.hibernate.org/dtd/hibernate-mapping instead.  Support for obsolete DTD/XSD namespaces may be removed at any time.
2021-03-26 09:51:21 WARN  deprecation:75 - HHH90000012: Recognized obsolete hibernate namespace http://hibernate.sourceforge.net/hibernate-mapping. Use namespace http://www.hibernate.org/dtd/hibernate-mapping instead.  Support for obsolete DTD/XSD namespaces may be removed at any time.
2021-03-26 09:51:21 WARN  pooling:73 - HHH10001002: Using Hibernate built-in connection pool (not for production use!)
2021-03-26 09:51:21 INFO  pooling:129 - HHH10001005: using driver [com.mysql.jdbc.Driver] at URL [jdbc:mysql://localhost:3306/EmployeeManagementSystem]
2021-03-26 09:51:21 INFO  pooling:138 - HHH10001001: Connection properties: {user=root, password=****}
2021-03-26 09:51:21 INFO  pooling:143 - HHH10001003: Autocommit mode: false
2021-03-26 09:51:21 INFO  DriverManagerConnectionProviderImpl:281 - HHH000115: Hibernate connection pool size: 20 (min=1)
2021-03-26 09:51:22 INFO  Dialect:157 - HHH000400: Using dialect: org.hibernate.dialect.MySQL8Dialect
2021-03-26 09:51:22 INFO  EnversServiceImpl:92 - Envers integration enabled? : true
2021-03-26 09:51:23 INFO  access:47 - HHH10001501: Connection obtained from JdbcConnectionAccess [org.hibernate.engine.jdbc.env.internal.JdbcEnvironmentInitiator$ConnectionProviderJdbcConnectionAccess@2903c6ff] for (non-JTA) DDL execution was not in auto-commit mode; the Connection 'local transaction' will be committed and the Connection will be set into auto-commit mode.
================================================
2021-03-26 09:51:23 INFO  QueryTranslatorFactoryInitiator:47 - HHH000397: Using ASTQueryTranslatorFactory
2021-03-26 09:53:12 INFO  Version:46 - HHH000412: Hibernate Core {5.3.1.Final}
2021-03-26 09:53:12 INFO  Environment:213 - HHH000206: hibernate.properties not found
2021-03-26 09:53:14 INFO  SpatialService:42 - HHH80000001: hibernate-spatial integration enabled : true
2021-03-26 09:53:14 INFO  Version:49 - HCANN000001: Hibernate Commons Annotations {5.0.3.Final}
2021-03-26 09:53:15 WARN  deprecation:75 - HHH90000012: Recognized obsolete hibernate namespace http://hibernate.sourceforge.net/hibernate-mapping. Use namespace http://www.hibernate.org/dtd/hibernate-mapping instead.  Support for obsolete DTD/XSD namespaces may be removed at any time.
2021-03-26 09:53:15 WARN  deprecation:75 - HHH90000012: Recognized obsolete hibernate namespace http://hibernate.sourceforge.net/hibernate-mapping. Use namespace http://www.hibernate.org/dtd/hibernate-mapping instead.  Support for obsolete DTD/XSD namespaces may be removed at any time.
2021-03-26 09:53:15 WARN  deprecation:75 - HHH90000012: Recognized obsolete hibernate namespace http://hibernate.sourceforge.net/hibernate-mapping. Use namespace http://www.hibernate.org/dtd/hibernate-mapping instead.  Support for obsolete DTD/XSD namespaces may be removed at any time.
2021-03-26 09:53:15 WARN  pooling:73 - HHH10001002: Using Hibernate built-in connection pool (not for production use!)
2021-03-26 09:53:15 INFO  pooling:129 - HHH10001005: using driver [com.mysql.jdbc.Driver] at URL [jdbc:mysql://localhost:3306/EmployeeManagementSystem]
2021-03-26 09:53:15 INFO  pooling:138 - HHH10001001: Connection properties: {user=root, password=****}
2021-03-26 09:53:15 INFO  pooling:143 - HHH10001003: Autocommit mode: false
2021-03-26 09:53:15 INFO  DriverManagerConnectionProviderImpl:281 - HHH000115: Hibernate connection pool size: 20 (min=1)
2021-03-26 09:53:16 INFO  Dialect:157 - HHH000400: Using dialect: org.hibernate.dialect.MySQL8Dialect
2021-03-26 09:53:16 INFO  EnversServiceImpl:92 - Envers integration enabled? : true
2021-03-26 09:53:17 INFO  access:47 - HHH10001501: Connection obtained from JdbcConnectionAccess [org.hibernate.engine.jdbc.env.internal.JdbcEnvironmentInitiator$ConnectionProviderJdbcConnectionAccess@2903c6ff] for (non-JTA) DDL execution was not in auto-commit mode; the Connection 'local transaction' will be committed and the Connection will be set into auto-commit mode.
2021-03-26 09:53:17 INFO  QueryTranslatorFactoryInitiator:47 - HHH000397: Using ASTQueryTranslatorFactory
2021-03-26 10:37:01 INFO  projectServiceImpl:56 - Added successfully
2021-03-26 11:17:25 INFO  Version:46 - HHH000412: Hibernate Core {5.3.1.Final}
2021-03-26 11:17:25 INFO  Environment:213 - HHH000206: hibernate.properties not found
2021-03-26 11:17:27 INFO  SpatialService:42 - HHH80000001: hibernate-spatial integration enabled : true
2021-03-26 11:17:27 INFO  Version:49 - HCANN000001: Hibernate Commons Annotations {5.0.3.Final}
2021-03-26 11:17:28 WARN  deprecation:75 - HHH90000012: Recognized obsolete hibernate namespace http://hibernate.sourceforge.net/hibernate-mapping. Use namespace http://www.hibernate.org/dtd/hibernate-mapping instead.  Support for obsolete DTD/XSD namespaces may be removed at any time.
2021-03-26 11:17:28 WARN  deprecation:75 - HHH90000012: Recognized obsolete hibernate namespace http://hibernate.sourceforge.net/hibernate-mapping. Use namespace http://www.hibernate.org/dtd/hibernate-mapping instead.  Support for obsolete DTD/XSD namespaces may be removed at any time.
2021-03-26 11:17:28 WARN  deprecation:75 - HHH90000012: Recognized obsolete hibernate namespace http://hibernate.sourceforge.net/hibernate-mapping. Use namespace http://www.hibernate.org/dtd/hibernate-mapping instead.  Support for obsolete DTD/XSD namespaces may be removed at any time.
2021-03-26 11:17:28 WARN  pooling:73 - HHH10001002: Using Hibernate built-in connection pool (not for production use!)
2021-03-26 11:17:28 INFO  pooling:129 - HHH10001005: using driver [com.mysql.jdbc.Driver] at URL [jdbc:mysql://localhost:3306/EmployeeManagementSystem]
2021-03-26 11:17:28 INFO  pooling:138 - HHH10001001: Connection properties: {user=root, password=****}
2021-03-26 11:17:28 INFO  pooling:143 - HHH10001003: Autocommit mode: false
2021-03-26 11:17:28 INFO  DriverManagerConnectionProviderImpl:281 - HHH000115: Hibernate connection pool size: 20 (min=1)
2021-03-26 11:17:29 INFO  Dialect:157 - HHH000400: Using dialect: org.hibernate.dialect.MySQL8Dialect
2021-03-26 11:17:29 INFO  EnversServiceImpl:92 - Envers integration enabled? : true
2021-03-26 11:17:30 INFO  access:47 - HHH10001501: Connection obtained from JdbcConnectionAccess [org.hibernate.engine.jdbc.env.internal.JdbcEnvironmentInitiator$ConnectionProviderJdbcConnectionAccess@2903c6ff] for (non-JTA) DDL execution was not in auto-commit mode; the Connection 'local transaction' will be committed and the Connection will be set into auto-commit mode.
2021-03-26 11:17:31 INFO  QueryTranslatorFactoryInitiator:47 - HHH000397: Using ASTQueryTranslatorFactory
2021-03-26 11:17:44 INFO  EmployeeServiceImpl:55 - Added successfully
2021-03-29 13:42:57 INFO  Version:46 - HHH000412: Hibernate Core {5.3.1.Final}
2021-03-29 13:42:57 INFO  Environment:213 - HHH000206: hibernate.properties not found
2021-03-29 13:42:59 INFO  SpatialService:42 - HHH80000001: hibernate-spatial integration enabled : true
2021-03-29 13:42:59 INFO  Version:49 - HCANN000001: Hibernate Commons Annotations {5.0.3.Final}
2021-03-29 13:42:59 WARN  deprecation:75 - HHH90000012: Recognized obsolete hibernate namespace http://hibernate.sourceforge.net/hibernate-mapping. Use namespace http://www.hibernate.org/dtd/hibernate-mapping instead.  Support for obsolete DTD/XSD namespaces may be removed at any time.
2021-03-29 13:43:00 WARN  deprecation:75 - HHH90000012: Recognized obsolete hibernate namespace http://hibernate.sourceforge.net/hibernate-mapping. Use namespace http://www.hibernate.org/dtd/hibernate-mapping instead.  Support for obsolete DTD/XSD namespaces may be removed at any time.
2021-03-29 13:43:00 WARN  deprecation:75 - HHH90000012: Recognized obsolete hibernate namespace http://hibernate.sourceforge.net/hibernate-mapping. Use namespace http://www.hibernate.org/dtd/hibernate-mapping instead.  Support for obsolete DTD/XSD namespaces may be removed at any time.
2021-03-29 13:43:00 WARN  pooling:73 - HHH10001002: Using Hibernate built-in connection pool (not for production use!)
2021-03-29 13:43:00 INFO  pooling:129 - HHH10001005: using driver [com.mysql.jdbc.Driver] at URL [jdbc:mysql://localhost:3306/EmployeeManagementSystem]
2021-03-29 13:43:00 INFO  pooling:138 - HHH10001001: Connection properties: {user=root, password=****}
2021-03-29 13:43:00 INFO  pooling:143 - HHH10001003: Autocommit mode: false
2021-03-29 13:43:00 INFO  DriverManagerConnectionProviderImpl:281 - HHH000115: Hibernate connection pool size: 20 (min=1)
2021-03-29 13:43:00 INFO  Dialect:157 - HHH000400: Using dialect: org.hibernate.dialect.MySQL8Dialect
2021-03-29 13:43:00 INFO  EnversServiceImpl:92 - Envers integration enabled? : true
2021-03-29 13:43:01 INFO  access:47 - HHH10001501: Connection obtained from JdbcConnectionAccess [org.hibernate.engine.jdbc.env.internal.JdbcEnvironmentInitiator$ConnectionProviderJdbcConnectionAccess@2903c6ff] for (non-JTA) DDL execution was not in auto-commit mode; the Connection 'local transaction' will be committed and the Connection will be set into auto-commit mode.
2021-03-29 13:48:00 INFO  Version:46 - HHH000412: Hibernate Core {5.3.1.Final}
2021-03-29 13:48:00 INFO  Environment:213 - HHH000206: hibernate.properties not found
2021-03-29 13:48:02 INFO  SpatialService:42 - HHH80000001: hibernate-spatial integration enabled : true
2021-03-29 13:48:02 INFO  Version:49 - HCANN000001: Hibernate Commons Annotations {5.0.3.Final}
2021-03-29 13:48:02 WARN  deprecation:75 - HHH90000012: Recognized obsolete hibernate namespace http://hibernate.sourceforge.net/hibernate-mapping. Use namespace http://www.hibernate.org/dtd/hibernate-mapping instead.  Support for obsolete DTD/XSD namespaces may be removed at any time.
2021-03-29 13:48:03 WARN  deprecation:75 - HHH90000012: Recognized obsolete hibernate namespace http://hibernate.sourceforge.net/hibernate-mapping. Use namespace http://www.hibernate.org/dtd/hibernate-mapping instead.  Support for obsolete DTD/XSD namespaces may be removed at any time.
2021-03-29 13:48:03 WARN  deprecation:75 - HHH90000012: Recognized obsolete hibernate namespace http://hibernate.sourceforge.net/hibernate-mapping. Use namespace http://www.hibernate.org/dtd/hibernate-mapping instead.  Support for obsolete DTD/XSD namespaces may be removed at any time.
2021-03-29 13:48:03 WARN  pooling:73 - HHH10001002: Using Hibernate built-in connection pool (not for production use!)
2021-03-29 13:48:03 INFO  pooling:129 - HHH10001005: using driver [com.mysql.jdbc.Driver] at URL [jdbc:mysql://localhost:3306/EmployeeManagementSystem]
2021-03-29 13:48:03 INFO  pooling:138 - HHH10001001: Connection properties: {user=root, password=****}
2021-03-29 13:48:03 INFO  pooling:143 - HHH10001003: Autocommit mode: false
2021-03-29 13:48:03 INFO  DriverManagerConnectionProviderImpl:281 - HHH000115: Hibernate connection pool size: 20 (min=1)
2021-03-29 13:48:03 INFO  Dialect:157 - HHH000400: Using dialect: org.hibernate.dialect.MySQL8Dialect
2021-03-29 13:48:04 INFO  EnversServiceImpl:92 - Envers integration enabled? : true
2021-03-29 13:48:04 INFO  access:47 - HHH10001501: Connection obtained from JdbcConnectionAccess [org.hibernate.engine.jdbc.env.internal.JdbcEnvironmentInitiator$ConnectionProviderJdbcConnectionAccess@2903c6ff] for (non-JTA) DDL execution was not in auto-commit mode; the Connection 'local transaction' will be committed and the Connection will be set into auto-commit mode.
2021-03-29 13:48:05 INFO  QueryTranslatorFactoryInitiator:47 - HHH000397: Using ASTQueryTranslatorFactory
2021-03-29 13:48:05 INFO  projectServiceImpl:55 - Get all project successfully 
2021-03-29 13:48:15 INFO  EmployeeServiceImpl:55 - Get all employee successfully 
2021-03-29 13:51:51 INFO  Version:46 - HHH000412: Hibernate Core {5.3.1.Final}
2021-03-29 13:51:51 INFO  Environment:213 - HHH000206: hibernate.properties not found
2021-03-29 13:51:53 INFO  SpatialService:42 - HHH80000001: hibernate-spatial integration enabled : true
2021-03-29 13:51:53 INFO  Version:49 - HCANN000001: Hibernate Commons Annotations {5.0.3.Final}
2021-03-29 13:51:53 WARN  deprecation:75 - HHH90000012: Recognized obsolete hibernate namespace http://hibernate.sourceforge.net/hibernate-mapping. Use namespace http://www.hibernate.org/dtd/hibernate-mapping instead.  Support for obsolete DTD/XSD namespaces may be removed at any time.
2021-03-29 13:51:54 WARN  deprecation:75 - HHH90000012: Recognized obsolete hibernate namespace http://hibernate.sourceforge.net/hibernate-mapping. Use namespace http://www.hibernate.org/dtd/hibernate-mapping instead.  Support for obsolete DTD/XSD namespaces may be removed at any time.
2021-03-29 13:51:54 WARN  deprecation:75 - HHH90000012: Recognized obsolete hibernate namespace http://hibernate.sourceforge.net/hibernate-mapping. Use namespace http://www.hibernate.org/dtd/hibernate-mapping instead.  Support for obsolete DTD/XSD namespaces may be removed at any time.
2021-03-29 13:51:54 WARN  pooling:73 - HHH10001002: Using Hibernate built-in connection pool (not for production use!)
2021-03-29 13:51:54 INFO  pooling:129 - HHH10001005: using driver [com.mysql.jdbc.Driver] at URL [jdbc:mysql://localhost:3306/EmployeeManagementSystem]
2021-03-29 13:51:54 INFO  pooling:138 - HHH10001001: Connection properties: {user=root, password=****}
2021-03-29 13:51:54 INFO  pooling:143 - HHH10001003: Autocommit mode: false
2021-03-29 13:51:54 INFO  DriverManagerConnectionProviderImpl:281 - HHH000115: Hibernate connection pool size: 20 (min=1)
2021-03-29 13:51:55 INFO  Dialect:157 - HHH000400: Using dialect: org.hibernate.dialect.MySQL8Dialect
2021-03-29 13:51:55 INFO  EnversServiceImpl:92 - Envers integration enabled? : true
2021-03-29 13:51:56 INFO  access:47 - HHH10001501: Connection obtained from JdbcConnectionAccess [org.hibernate.engine.jdbc.env.internal.JdbcEnvironmentInitiator$ConnectionProviderJdbcConnectionAccess@2903c6ff] for (non-JTA) DDL execution was not in auto-commit mode; the Connection 'local transaction' will be committed and the Connection will be set into auto-commit mode.
2021-03-29 13:51:56 INFO  QueryTranslatorFactoryInitiator:47 - HHH000397: Using ASTQueryTranslatorFactory
2021-03-29 13:51:56 INFO  EmployeeServiceImpl:55 - Get all employee successfully 
2021-03-29 13:52:55 INFO  Version:46 - HHH000412: Hibernate Core {5.3.1.Final}
2021-03-29 13:52:55 INFO  Environment:213 - HHH000206: hibernate.properties not found
2021-03-29 13:52:57 INFO  SpatialService:42 - HHH80000001: hibernate-spatial integration enabled : true
2021-03-29 13:52:57 INFO  Version:49 - HCANN000001: Hibernate Commons Annotations {5.0.3.Final}
2021-03-29 13:52:57 WARN  deprecation:75 - HHH90000012: Recognized obsolete hibernate namespace http://hibernate.sourceforge.net/hibernate-mapping. Use namespace http://www.hibernate.org/dtd/hibernate-mapping instead.  Support for obsolete DTD/XSD namespaces may be removed at any time.
2021-03-29 13:52:58 WARN  deprecation:75 - HHH90000012: Recognized obsolete hibernate namespace http://hibernate.sourceforge.net/hibernate-mapping. Use namespace http://www.hibernate.org/dtd/hibernate-mapping instead.  Support for obsolete DTD/XSD namespaces may be removed at any time.
2021-03-29 13:52:58 WARN  deprecation:75 - HHH90000012: Recognized obsolete hibernate namespace http://hibernate.sourceforge.net/hibernate-mapping. Use namespace http://www.hibernate.org/dtd/hibernate-mapping instead.  Support for obsolete DTD/XSD namespaces may be removed at any time.
2021-03-29 13:52:58 WARN  pooling:73 - HHH10001002: Using Hibernate built-in connection pool (not for production use!)
2021-03-29 13:52:58 INFO  pooling:129 - HHH10001005: using driver [com.mysql.jdbc.Driver] at URL [jdbc:mysql://localhost:3306/EmployeeManagementSystem]
2021-03-29 13:52:58 INFO  pooling:138 - HHH10001001: Connection properties: {user=root, password=****}
2021-03-29 13:52:58 INFO  pooling:143 - HHH10001003: Autocommit mode: false
2021-03-29 13:52:58 INFO  DriverManagerConnectionProviderImpl:281 - HHH000115: Hibernate connection pool size: 20 (min=1)
2021-03-29 13:52:59 INFO  Dialect:157 - HHH000400: Using dialect: org.hibernate.dialect.MySQL8Dialect
2021-03-29 13:52:59 INFO  EnversServiceImpl:92 - Envers integration enabled? : true
2021-03-29 13:53:00 INFO  access:47 - HHH10001501: Connection obtained from JdbcConnectionAccess [org.hibernate.engine.jdbc.env.internal.JdbcEnvironmentInitiator$ConnectionProviderJdbcConnectionAccess@2903c6ff] for (non-JTA) DDL execution was not in auto-commit mode; the Connection 'local transaction' will be committed and the Connection will be set into auto-commit mode.
2021-03-29 14:44:51 INFO  Version:46 - HHH000412: Hibernate Core {5.3.1.Final}
2021-03-29 14:44:51 INFO  Environment:213 - HHH000206: hibernate.properties not found
2021-03-29 14:44:54 INFO  SpatialService:42 - HHH80000001: hibernate-spatial integration enabled : true
2021-03-29 14:44:54 INFO  Version:49 - HCANN000001: Hibernate Commons Annotations {5.0.3.Final}
2021-03-29 14:44:54 WARN  deprecation:75 - HHH90000012: Recognized obsolete hibernate namespace http://hibernate.sourceforge.net/hibernate-mapping. Use namespace http://www.hibernate.org/dtd/hibernate-mapping instead.  Support for obsolete DTD/XSD namespaces may be removed at any time.
2021-03-29 14:44:55 WARN  deprecation:75 - HHH90000012: Recognized obsolete hibernate namespace http://hibernate.sourceforge.net/hibernate-mapping. Use namespace http://www.hibernate.org/dtd/hibernate-mapping instead.  Support for obsolete DTD/XSD namespaces may be removed at any time.
2021-03-29 14:44:55 WARN  deprecation:75 - HHH90000012: Recognized obsolete hibernate namespace http://hibernate.sourceforge.net/hibernate-mapping. Use namespace http://www.hibernate.org/dtd/hibernate-mapping instead.  Support for obsolete DTD/XSD namespaces may be removed at any time.
2021-03-29 14:44:55 WARN  pooling:73 - HHH10001002: Using Hibernate built-in connection pool (not for production use!)
2021-03-29 14:44:55 INFO  pooling:129 - HHH10001005: using driver [com.mysql.jdbc.Driver] at URL [jdbc:mysql://localhost:3306/EmployeeManagementSystem]
2021-03-29 14:44:55 INFO  pooling:138 - HHH10001001: Connection properties: {user=root, password=****}
2021-03-29 14:44:55 INFO  pooling:143 - HHH10001003: Autocommit mode: false
2021-03-29 14:44:55 INFO  DriverManagerConnectionProviderImpl:281 - HHH000115: Hibernate connection pool size: 20 (min=1)
2021-03-29 14:44:56 INFO  Dialect:157 - HHH000400: Using dialect: org.hibernate.dialect.MySQL8Dialect
2021-03-29 14:44:56 INFO  EnversServiceImpl:92 - Envers integration enabled? : true
2021-03-29 14:44:57 INFO  access:47 - HHH10001501: Connection obtained from JdbcConnectionAccess [org.hibernate.engine.jdbc.env.internal.JdbcEnvironmentInitiator$ConnectionProviderJdbcConnectionAccess@2903c6ff] for (non-JTA) DDL execution was not in auto-commit mode; the Connection 'local transaction' will be committed and the Connection will be set into auto-commit mode.
2021-03-29 14:44:57 INFO  QueryTranslatorFactoryInitiator:47 - HHH000397: Using ASTQueryTranslatorFactory
2021-03-29 14:44:57 INFO  projectServiceImpl:55 - Get all project successfully 
2021-03-29 14:45:13 INFO  EmployeeServiceImpl:55 - Get employee details by id successfully 
2021-03-29 14:49:55 INFO  Version:46 - HHH000412: Hibernate Core {5.3.1.Final}
2021-03-29 14:49:55 INFO  Environment:213 - HHH000206: hibernate.properties not found
2021-03-29 14:49:57 INFO  SpatialService:42 - HHH80000001: hibernate-spatial integration enabled : true
2021-03-29 14:49:57 INFO  Version:49 - HCANN000001: Hibernate Commons Annotations {5.0.3.Final}
2021-03-29 14:49:58 WARN  deprecation:75 - HHH90000012: Recognized obsolete hibernate namespace http://hibernate.sourceforge.net/hibernate-mapping. Use namespace http://www.hibernate.org/dtd/hibernate-mapping instead.  Support for obsolete DTD/XSD namespaces may be removed at any time.
2021-03-29 14:49:58 WARN  deprecation:75 - HHH90000012: Recognized obsolete hibernate namespace http://hibernate.sourceforge.net/hibernate-mapping. Use namespace http://www.hibernate.org/dtd/hibernate-mapping instead.  Support for obsolete DTD/XSD namespaces may be removed at any time.
2021-03-29 14:49:58 WARN  deprecation:75 - HHH90000012: Recognized obsolete hibernate namespace http://hibernate.sourceforge.net/hibernate-mapping. Use namespace http://www.hibernate.org/dtd/hibernate-mapping instead.  Support for obsolete DTD/XSD namespaces may be removed at any time.
2021-03-29 14:49:58 WARN  pooling:73 - HHH10001002: Using Hibernate built-in connection pool (not for production use!)
2021-03-29 14:49:58 INFO  pooling:129 - HHH10001005: using driver [com.mysql.jdbc.Driver] at URL [jdbc:mysql://localhost:3306/EmployeeManagementSystem]
2021-03-29 14:49:58 INFO  pooling:138 - HHH10001001: Connection properties: {user=root, password=****}
2021-03-29 14:49:58 INFO  pooling:143 - HHH10001003: Autocommit mode: false
2021-03-29 14:49:58 INFO  DriverManagerConnectionProviderImpl:281 - HHH000115: Hibernate connection pool size: 20 (min=1)
2021-03-29 14:49:59 INFO  Dialect:157 - HHH000400: Using dialect: org.hibernate.dialect.MySQL8Dialect
2021-03-29 14:49:59 INFO  EnversServiceImpl:92 - Envers integration enabled? : true
2021-03-29 14:50:00 INFO  access:47 - HHH10001501: Connection obtained from JdbcConnectionAccess [org.hibernate.engine.jdbc.env.internal.JdbcEnvironmentInitiator$ConnectionProviderJdbcConnectionAccess@2903c6ff] for (non-JTA) DDL execution was not in auto-commit mode; the Connection 'local transaction' will be committed and the Connection will be set into auto-commit mode.
2021-03-29 14:54:44 INFO  Version:46 - HHH000412: Hibernate Core {5.3.1.Final}
2021-03-29 14:54:44 INFO  Environment:213 - HHH000206: hibernate.properties not found
2021-03-29 14:54:46 INFO  SpatialService:42 - HHH80000001: hibernate-spatial integration enabled : true
2021-03-29 14:54:46 INFO  Version:49 - HCANN000001: Hibernate Commons Annotations {5.0.3.Final}
2021-03-29 14:54:46 WARN  deprecation:75 - HHH90000012: Recognized obsolete hibernate namespace http://hibernate.sourceforge.net/hibernate-mapping. Use namespace http://www.hibernate.org/dtd/hibernate-mapping instead.  Support for obsolete DTD/XSD namespaces may be removed at any time.
2021-03-29 14:54:47 WARN  deprecation:75 - HHH90000012: Recognized obsolete hibernate namespace http://hibernate.sourceforge.net/hibernate-mapping. Use namespace http://www.hibernate.org/dtd/hibernate-mapping instead.  Support for obsolete DTD/XSD namespaces may be removed at any time.
2021-03-29 14:54:47 WARN  deprecation:75 - HHH90000012: Recognized obsolete hibernate namespace http://hibernate.sourceforge.net/hibernate-mapping. Use namespace http://www.hibernate.org/dtd/hibernate-mapping instead.  Support for obsolete DTD/XSD namespaces may be removed at any time.
2021-03-29 14:54:47 WARN  pooling:73 - HHH10001002: Using Hibernate built-in connection pool (not for production use!)
2021-03-29 14:54:47 INFO  pooling:129 - HHH10001005: using driver [com.mysql.jdbc.Driver] at URL [jdbc:mysql://localhost:3306/EmployeeManagementSystem]
2021-03-29 14:54:47 INFO  pooling:138 - HHH10001001: Connection properties: {user=root, password=****}
2021-03-29 14:54:47 INFO  pooling:143 - HHH10001003: Autocommit mode: false
2021-03-29 14:54:47 INFO  DriverManagerConnectionProviderImpl:281 - HHH000115: Hibernate connection pool size: 20 (min=1)
2021-03-29 14:54:48 INFO  Dialect:157 - HHH000400: Using dialect: org.hibernate.dialect.MySQL8Dialect
2021-03-29 14:54:48 INFO  EnversServiceImpl:92 - Envers integration enabled? : true
2021-03-29 14:54:49 INFO  access:47 - HHH10001501: Connection obtained from JdbcConnectionAccess [org.hibernate.engine.jdbc.env.internal.JdbcEnvironmentInitiator$ConnectionProviderJdbcConnectionAccess@2903c6ff] for (non-JTA) DDL execution was not in auto-commit mode; the Connection 'local transaction' will be committed and the Connection will be set into auto-commit mode.
2021-03-29 14:54:49 INFO  ProjectDaoImpl:55 - Operation completed successfully
2021-03-29 14:54:49 INFO  projectServiceImpl:55 - Get project details by id successfully 
2021-03-29 16:37:21 INFO  Version:46 - HHH000412: Hibernate Core {5.3.1.Final}
2021-03-29 16:37:21 INFO  Environment:213 - HHH000206: hibernate.properties not found
2021-03-29 16:37:23 INFO  SpatialService:42 - HHH80000001: hibernate-spatial integration enabled : true
2021-03-29 16:37:23 INFO  Version:49 - HCANN000001: Hibernate Commons Annotations {5.0.3.Final}
2021-03-29 16:37:24 WARN  deprecation:75 - HHH90000012: Recognized obsolete hibernate namespace http://hibernate.sourceforge.net/hibernate-mapping. Use namespace http://www.hibernate.org/dtd/hibernate-mapping instead.  Support for obsolete DTD/XSD namespaces may be removed at any time.
2021-03-29 16:37:24 WARN  deprecation:75 - HHH90000012: Recognized obsolete hibernate namespace http://hibernate.sourceforge.net/hibernate-mapping. Use namespace http://www.hibernate.org/dtd/hibernate-mapping instead.  Support for obsolete DTD/XSD namespaces may be removed at any time.
2021-03-29 16:37:24 WARN  deprecation:75 - HHH90000012: Recognized obsolete hibernate namespace http://hibernate.sourceforge.net/hibernate-mapping. Use namespace http://www.hibernate.org/dtd/hibernate-mapping instead.  Support for obsolete DTD/XSD namespaces may be removed at any time.
2021-03-29 16:37:24 WARN  pooling:73 - HHH10001002: Using Hibernate built-in connection pool (not for production use!)
2021-03-29 16:37:24 INFO  pooling:129 - HHH10001005: using driver [com.mysql.jdbc.Driver] at URL [jdbc:mysql://localhost:3306/EmployeeManagementSystem]
2021-03-29 16:37:24 INFO  pooling:138 - HHH10001001: Connection properties: {user=root, password=****}
2021-03-29 16:37:24 INFO  pooling:143 - HHH10001003: Autocommit mode: false
2021-03-29 16:37:24 INFO  DriverManagerConnectionProviderImpl:281 - HHH000115: Hibernate connection pool size: 20 (min=1)
2021-03-29 16:37:25 INFO  Dialect:157 - HHH000400: Using dialect: org.hibernate.dialect.MySQL8Dialect
2021-03-29 16:37:25 INFO  EnversServiceImpl:92 - Envers integration enabled? : true
2021-03-29 16:37:26 INFO  access:47 - HHH10001501: Connection obtained from JdbcConnectionAccess [org.hibernate.engine.jdbc.env.internal.JdbcEnvironmentInitiator$ConnectionProviderJdbcConnectionAccess@2903c6ff] for (non-JTA) DDL execution was not in auto-commit mode; the Connection 'local transaction' will be committed and the Connection will be set into auto-commit mode.
2021-03-29 16:37:27 INFO  QueryTranslatorFactoryInitiator:47 - HHH000397: Using ASTQueryTranslatorFactory
2021-03-29 16:37:27 INFO  EmployeeServiceImpl:55 - Get all employee successfully 
